生成启动时间为 2016/11/18 20:04:16。
     1>项目“D:\Work\FYP\FYP data\小行星\gl_planet\gl_planet.vcxproj”在节点 2 上(Build 个目标)。
     1>Link:
         C:\My Programs\Microsoft Visual Studio 2013\VC\bin\link.exe /ERRORREPORT:PROMPT /OUT:".\Debug\gl_planet.exe" /INCREMENTAL /NOLOGO odbc32.lib odbccp32.lib kernel32.lib user32.lib gdi32.lib winspool.lib comdlg32.lib advapi32.lib shell32.lib ole32.lib oleaut32.lib uuid.lib odbc32.lib odbccp32.lib /MANIFEST /MANIFESTUAC:"level='asInvoker' uiAccess='false'" /manifest:embed /DEBUG /PDB:".\Debug\gl_planet.pdb" /SUBSYSTEM:CONSOLE /TLBID:1 /DYNAMICBASE /NXCOMPAT /IMPLIB:".\Debug\gl_planet.lib" /MACHINE:X86 /SAFESEH .\Debug\gl.obj
     1>gl.obj : warning LNK4075: 忽略“/EDITANDCONTINUE”(由于“/SAFESEH”规范)
     1>glut32.lib(glut32.dll) : error LNK2026: 模块对于 SAFESEH 映像是不安全的。
     1>glut32.lib(glut32.dll) : error LNK2026: 模块对于 SAFESEH 映像是不安全的。
     1>glut32.lib(glut32.dll) : error LNK2026: 模块对于 SAFESEH 映像是不安全的。
     1>glut32.lib(glut32.dll) : error LNK2026: 模块对于 SAFESEH 映像是不安全的。
     1>glut32.lib(glut32.dll) : error LNK2026: 模块对于 SAFESEH 映像是不安全的。
     1>glut32.lib(glut32.dll) : error LNK2026: 模块对于 SAFESEH 映像是不安全的。
     1>glut32.lib(glut32.dll) : error LNK2026: 模块对于 SAFESEH 映像是不安全的。
     1>glut32.lib(glut32.dll) : error LNK2026: 模块对于 SAFESEH 映像是不安全的。
     1>glut32.lib(glut32.dll) : error LNK2026: 模块对于 SAFESEH 映像是不安全的。
     1>glut32.lib(glut32.dll) : error LNK2026: 模块对于 SAFESEH 映像是不安全的。
     1>glut32.lib(glut32.dll) : error LNK2026: 模块对于 SAFESEH 映像是不安全的。
     1>.\Debug\gl_planet.exe : fatal error LNK1281: 无法生成 SAFESEH 映像。
     1>已完成生成项目“D:\Work\FYP\FYP data\小行星\gl_planet\gl_planet.vcxproj”(Build 个目标)的操作 - 失败。

生成失败。

已用时间 00:00:00.21
